Determining if the pthread_create exist failed with the following output:
Change Dir: /home/takashi/test/endoscope_holding_robot/robot/build/CMakeFiles/CMakeTmp

Run Build Command:/usr/bin/make "cmTryCompileExec4111515925/fast"
/usr/bin/make -f CMakeFiles/cmTryCompileExec4111515925.dir/build.make CMakeFiles/cmTryCompileExec4111515925.dir/build
make[1]: ディレクトリ `/home/takashi/test/endoscope_holding_robot/robot/build/CMakeFiles/CMakeTmp' に入ります
/usr/bin/cmake -E cmake_progress_report /home/takashi/test/endoscope_holding_robot/robot/build/CMakeFiles/CMakeTmp/CMakeFiles 1
Building C object CMakeFiles/cmTryCompileExec4111515925.dir/CheckSymbolExists.c.o
/usr/bin/cc    -o CMakeFiles/cmTryCompileExec4111515925.dir/CheckSymbolExists.c.o   -c /home/takashi/test/endoscope_holding_robot/robot/build/CMakeFiles/CMakeTmp/CheckSymbolExists.c
Linking C executable cmTryCompileExec4111515925
/usr/bin/cmake -E cmake_link_script CMakeFiles/cmTryCompileExec4111515925.dir/link.txt --verbose=1
/usr/bin/cc       CMakeFiles/cmTryCompileExec4111515925.dir/CheckSymbolExists.c.o  -o cmTryCompileExec4111515925 -rdynamic 
CMakeFiles/cmTryCompileExec4111515925.dir/CheckSymbolExists.c.o: 関数 `main' 内:
CheckSymbolExists.c:(.text+0x16): `pthread_create' に対する定義されていない参照です
collect2: error: ld returned 1 exit status
make[1]: ディレクトリ `/home/takashi/test/endoscope_holding_robot/robot/build/CMakeFiles/CMakeTmp' から出ます
make[1]: *** [cmTryCompileExec4111515925] エラー 1
make: *** [cmTryCompileExec4111515925/fast] エラー 2

File /home/takashi/test/endoscope_holding_robot/robot/build/CMakeFiles/CMakeTmp/CheckSymbolExists.c:
/* */
#include <pthread.h>

int main(int argc, char** argv)
{
  (void)argv;
#ifndef pthread_create
  return ((int*)(&pthread_create))[argc];
#else
  (void)argc;
  return 0;
#endif
}

Determining if the function pthread_create exists in the pthreads failed with the following output:
Change Dir: /home/takashi/test/endoscope_holding_robot/robot/build/CMakeFiles/CMakeTmp

Run Build Command:/usr/bin/make "cmTryCompileExec246931511/fast"
/usr/bin/make -f CMakeFiles/cmTryCompileExec246931511.dir/build.make CMakeFiles/cmTryCompileExec246931511.dir/build
make[1]: ディレクトリ `/home/takashi/test/endoscope_holding_robot/robot/build/CMakeFiles/CMakeTmp' に入ります
/usr/bin/cmake -E cmake_progress_report /home/takashi/test/endoscope_holding_robot/robot/build/CMakeFiles/CMakeTmp/CMakeFiles 1
Building C object CMakeFiles/cmTryCompileExec246931511.dir/CheckFunctionExists.c.o
/usr/bin/cc   -DCHECK_FUNCTION_EXISTS=pthread_create   -o CMakeFiles/cmTryCompileExec246931511.dir/CheckFunctionExists.c.o   -c /usr/share/cmake-2.8/Modules/CheckFunctionExists.c
Linking C executable cmTryCompileExec246931511
/usr/bin/cmake -E cmake_link_script CMakeFiles/cmTryCompileExec246931511.dir/link.txt --verbose=1
/usr/bin/cc   -DCHECK_FUNCTION_EXISTS=pthread_create    CMakeFiles/cmTryCompileExec246931511.dir/CheckFunctionExists.c.o  -o cmTryCompileExec246931511 -rdynamic -lpthreads 
/usr/bin/ld: -lpthreads が見つかりません
collect2: error: ld returned 1 exit status
make[1]: *** [cmTryCompileExec246931511] エラー 1
make[1]: ディレクトリ `/home/takashi/test/endoscope_holding_robot/robot/build/CMakeFiles/CMakeTmp' から出ます
make: *** [cmTryCompileExec246931511/fast] エラー 2


