Determining if the pthread_create exist failed with the following output:
Change Dir: /home/takashi/SLAM/ORB_SLAM2/Examples/ROS/ORB_SLAM2/CMakeFiles/CMakeTmp

Run Build Command:/usr/bin/make "cmTryCompileExec2746462202/fast"
/usr/bin/make -f CMakeFiles/cmTryCompileExec2746462202.dir/build.make CMakeFiles/cmTryCompileExec2746462202.dir/build
make[1]: ディレクトリ `/home/takashi/SLAM/ORB_SLAM2/Examples/ROS/ORB_SLAM2/CMakeFiles/CMakeTmp' に入ります
/usr/bin/cmake -E cmake_progress_report /home/takashi/SLAM/ORB_SLAM2/Examples/ROS/ORB_SLAM2/CMakeFiles/CMakeTmp/CMakeFiles 1
Building C object CMakeFiles/cmTryCompileExec2746462202.dir/CheckSymbolExists.c.o
/usr/bin/cc    -o CMakeFiles/cmTryCompileExec2746462202.dir/CheckSymbolExists.c.o   -c /home/takashi/SLAM/ORB_SLAM2/Examples/ROS/ORB_SLAM2/CMakeFiles/CMakeTmp/CheckSymbolExists.c
Linking C executable cmTryCompileExec2746462202
/usr/bin/cmake -E cmake_link_script CMakeFiles/cmTryCompileExec2746462202.dir/link.txt --verbose=1
/usr/bin/cc       CMakeFiles/cmTryCompileExec2746462202.dir/CheckSymbolExists.c.o  -o cmTryCompileExec2746462202 -rdynamic 
CMakeFiles/cmTryCompileExec2746462202.dir/CheckSymbolExists.c.o: 関数 `main' 内:
CheckSymbolExists.c:(.text+0x16): `pthread_create' に対する定義されていない参照です
collect2: error: ld returned 1 exit status
make[1]: *** [cmTryCompileExec2746462202] エラー 1
make[1]: ディレクトリ `/home/takashi/SLAM/ORB_SLAM2/Examples/ROS/ORB_SLAM2/CMakeFiles/CMakeTmp' から出ます
make: *** [cmTryCompileExec2746462202/fast] エラー 2

File /home/takashi/SLAM/ORB_SLAM2/Examples/ROS/ORB_SLAM2/CMakeFiles/CMakeTmp/CheckSymbolExists.c:
/* */
#include <pthread.h>

int main(int argc, char** argv)
{
  (void)argv;
#ifndef pthread_create
  return ((int*)(&pthread_create))[argc];
#else
  (void)argc;
  return 0;
#endif
}

Determining if the function pthread_create exists in the pthreads failed with the following output:
Change Dir: /home/takashi/SLAM/ORB_SLAM2/Examples/ROS/ORB_SLAM2/CMakeFiles/CMakeTmp

Run Build Command:/usr/bin/make "cmTryCompileExec339331742/fast"
/usr/bin/make -f CMakeFiles/cmTryCompileExec339331742.dir/build.make CMakeFiles/cmTryCompileExec339331742.dir/build
make[1]: ディレクトリ `/home/takashi/SLAM/ORB_SLAM2/Examples/ROS/ORB_SLAM2/CMakeFiles/CMakeTmp' に入ります
/usr/bin/cmake -E cmake_progress_report /home/takashi/SLAM/ORB_SLAM2/Examples/ROS/ORB_SLAM2/CMakeFiles/CMakeTmp/CMakeFiles 1
Building C object CMakeFiles/cmTryCompileExec339331742.dir/CheckFunctionExists.c.o
/usr/bin/cc   -DCHECK_FUNCTION_EXISTS=pthread_create   -o CMakeFiles/cmTryCompileExec339331742.dir/CheckFunctionExists.c.o   -c /usr/share/cmake-2.8/Modules/CheckFunctionExists.c
Linking C executable cmTryCompileExec339331742
/usr/bin/cmake -E cmake_link_script CMakeFiles/cmTryCompileExec339331742.dir/link.txt --verbose=1
/usr/bin/cc   -DCHECK_FUNCTION_EXISTS=pthread_create    CMakeFiles/cmTryCompileExec339331742.dir/CheckFunctionExists.c.o  -o cmTryCompileExec339331742 -rdynamic -lpthreads 
/usr/bin/ld: -lpthreads が見つかりません
collect2: error: ld returned 1 exit status
make[1]: *** [cmTryCompileExec339331742] エラー 1
make[1]: ディレクトリ `/home/takashi/SLAM/ORB_SLAM2/Examples/ROS/ORB_SLAM2/CMakeFiles/CMakeTmp' から出ます
make: *** [cmTryCompileExec339331742/fast] エラー 2


